app/build/intermediates/manifest_merge_blame_file/debug/manifest-merger-blame-debug-report.txt
1<?xml version="1.0" encoding="utf-8"?>
2<manifest xmlns:android="http://schemas.android.com/apk/res/android"
3    package="com.example.mahnyoh"
4    android:versionCode="1"
5    android:versionName="1.0" >
6
7    <uses-sdk
8        android:minSdkVersion="26"
9        android:targetSdkVersion="33" />
10
11    <uses-permission android:name="android.permission.INTERNET" />
11-->src/main/AndroidManifest.xml:6:5-67
11-->src/main/AndroidManifest.xml:6:22-64
12    <uses-permission android:name="android.permission.ACCESS_WIFI_STATE" />
12-->src/main/AndroidManifest.xml:7:5-76
12-->src/main/AndroidManifest.xml:7:22-73
13    <uses-permission android:name="android.permission.ACCESS_NETWORK_STATE" />
13-->src/main/AndroidManifest.xml:8:5-79
13-->src/main/AndroidManifest.xml:8:22-76
14
15    <uses-permission-sdk-23 android:name="android.permission.ACCESS_FINE_LOCATION" />
15-->src/main/AndroidManifest.xml:10:5-86
15-->src/main/AndroidManifest.xml:10:29-83
16    <uses-permission-sdk-23 android:name="android.permission.ACCESS_COARSE_LOCATION" />
16-->src/main/AndroidManifest.xml:11:5-88
16-->src/main/AndroidManifest.xml:11:29-85
17    <uses-permission-sdk-23 android:name="android.permission.ACTIVITY_RECOGNITION" />
17-->src/main/AndroidManifest.xml:12:5-86
17-->src/main/AndroidManifest.xml:12:29-83
18
19    <uses-permission android:name="android.permission.health.READ_HEART_RATE" />
19-->src/main/AndroidManifest.xml:14:5-81
19-->src/main/AndroidManifest.xml:14:22-78
20    <uses-permission android:name="android.permission.health.WRITE_HEART_RATE" />
20-->src/main/AndroidManifest.xml:15:5-82
20-->src/main/AndroidManifest.xml:15:22-79
21    <uses-permission android:name="android.permission.health.READ_STEPS" />
21-->src/main/AndroidManifest.xml:16:5-76
21-->src/main/AndroidManifest.xml:16:22-73
22    <uses-permission android:name="android.permission.health.READ_DISTANCE" />
22-->src/main/AndroidManifest.xml:17:5-79
22-->src/main/AndroidManifest.xml:17:22-76
23    <uses-permission android:name="android.permission.health.WRITE_STEPS" />
23-->src/main/AndroidManifest.xml:18:5-77
23-->src/main/AndroidManifest.xml:18:22-74
24    <uses-permission android:name="android.permission.health.READ_SPEED" />
24-->src/main/AndroidManifest.xml:19:5-76
24-->src/main/AndroidManifest.xml:19:22-73
25    <uses-permission android:name="android.permission.health.READ_EXERCISE" />
25-->src/main/AndroidManifest.xml:20:5-79
25-->src/main/AndroidManifest.xml:20:22-76
26    <uses-permission android:name="android.permission.health.WRITE_EXERCISE" />
26-->src/main/AndroidManifest.xml:21:5-80
26-->src/main/AndroidManifest.xml:21:22-77
27
28    <queries>
28-->src/main/AndroidManifest.xml:23:5-34:15
29        <package android:name="com.google.android.apps.healthdata" />
29-->src/main/AndroidManifest.xml:24:9-70
29-->src/main/AndroidManifest.xml:24:18-67
30
31        <!--
32             This is required such that the app can query and resolve packages that have written
33             Health Connect data, and obtain their friendly App Name and Icon to show for data
34             attribution in the app
35        -->
36        <intent>
36-->src/main/AndroidManifest.xml:31:9-33:18
37            <action android:name="androidx.health.ACTION_SHOW_PERMISSIONS_RATIONALE" />
37-->src/main/AndroidManifest.xml:32:13-88
37-->src/main/AndroidManifest.xml:32:21-85
38        </intent>
39    </queries>
40
41    <permission
41-->[androidx.core:core:1.12.0] AndroidManifest.xml:22:5-24:47
42        android:name="com.example.mahnyoh.DYNAMIC_RECEIVER_NOT_EXPORTED_PERMISSION"
42-->[androidx.core:core:1.12.0] AndroidManifest.xml:23:9-81
43        android:protectionLevel="signature" />
43-->[androidx.core:core:1.12.0] AndroidManifest.xml:24:9-44
44
45    <uses-permission android:name="com.example.mahnyoh.DYNAMIC_RECEIVER_NOT_EXPORTED_PERMISSION" />
45-->[androidx.core:core:1.12.0] AndroidManifest.xml:26:5-97
45-->[androidx.core:core:1.12.0] AndroidManifest.xml:26:22-94
46
47    <application
47-->src/main/AndroidManifest.xml:36:5-125:19
48        android:allowBackup="true"
48-->src/main/AndroidManifest.xml:37:9-35
49        android:appComponentFactory="androidx.core.app.CoreComponentFactory"
49-->[androidx.core:core:1.12.0] AndroidManifest.xml:28:18-86
50        android:dataExtractionRules="@xml/data_extraction_rules"
50-->src/main/AndroidManifest.xml:38:9-65
51        android:debuggable="true"
52        android:extractNativeLibs="false"
53        android:fullBackupContent="@xml/backup_rules"
53-->src/main/AndroidManifest.xml:39:9-54
54        android:icon="@mipmap/ic_launcher"
54-->src/main/AndroidManifest.xml:40:9-43
55        android:label="@string/app_name"
55-->src/main/AndroidManifest.xml:41:9-41
56        android:roundIcon="@mipmap/ic_launcher_round"
56-->src/main/AndroidManifest.xml:42:9-54
57        android:supportsRtl="true"
57-->src/main/AndroidManifest.xml:43:9-35
58        android:testOnly="true"
59        android:theme="@style/Theme.MahnYoh" >
59-->src/main/AndroidManifest.xml:44:9-45
60        <activity
60-->src/main/AndroidManifest.xml:46:9-50:52
61            android:name="com.example.mahnyoh.FlexibilityEx"
61-->src/main/AndroidManifest.xml:47:13-42
62            android:exported="false"
62-->src/main/AndroidManifest.xml:48:13-37
63            android:label="@string/title_activity_flexibility_ex"
63-->src/main/AndroidManifest.xml:49:13-66
64            android:theme="@style/Theme.MahnYoh" />
64-->src/main/AndroidManifest.xml:50:13-49
65        <activity
65-->src/main/AndroidManifest.xml:51:9-55:52
66            android:name="com.example.mahnyoh.AgilityEx"
66-->src/main/AndroidManifest.xml:52:13-38
67            android:exported="false"
67-->src/main/AndroidManifest.xml:53:13-37
68            android:label="@string/title_activity_agility_ex"
68-->src/main/AndroidManifest.xml:54:13-62
69            android:theme="@style/Theme.MahnYoh" />
69-->src/main/AndroidManifest.xml:55:13-49
70        <activity
70-->src/main/AndroidManifest.xml:56:9-60:52
71            android:name="com.example.mahnyoh.StrengthEx"
71-->src/main/AndroidManifest.xml:57:13-39
72            android:exported="false"
72-->src/main/AndroidManifest.xml:58:13-37
73            android:label="@string/title_activity_strength_ex"
73-->src/main/AndroidManifest.xml:59:13-63
74            android:theme="@style/Theme.MahnYoh" />
74-->src/main/AndroidManifest.xml:60:13-49
75        <activity
75-->src/main/AndroidManifest.xml:61:9-65:52
76            android:name="com.example.mahnyoh.BalanceEx"
76-->src/main/AndroidManifest.xml:62:13-38
77            android:exported="false"
77-->src/main/AndroidManifest.xml:63:13-37
78            android:label="@string/title_activity_balance_ex"
78-->src/main/AndroidManifest.xml:64:13-62
79            android:theme="@style/Theme.MahnYoh" />
79-->src/main/AndroidManifest.xml:65:13-49
80        <activity
80-->src/main/AndroidManifest.xml:66:9-70:52
81            android:name="com.example.mahnyoh.ExDetails"
81-->src/main/AndroidManifest.xml:67:13-38
82            android:exported="false"
82-->src/main/AndroidManifest.xml:68:13-37
83            android:label="@string/title_activity_ex_details"
83-->src/main/AndroidManifest.xml:69:13-62
84            android:theme="@style/Theme.MahnYoh" />
84-->src/main/AndroidManifest.xml:70:13-49
85        <activity
85-->src/main/AndroidManifest.xml:71:9-75:52
86            android:name="com.example.mahnyoh.CardioEx"
86-->src/main/AndroidManifest.xml:72:13-37
87            android:exported="false"
87-->src/main/AndroidManifest.xml:73:13-37
88            android:label="@string/title_activity_cardio_ex"
88-->src/main/AndroidManifest.xml:74:13-61
89            android:theme="@style/Theme.MahnYoh" />
89-->src/main/AndroidManifest.xml:75:13-49
90        <activity
90-->src/main/AndroidManifest.xml:76:9-80:52
91            android:name="com.example.mahnyoh.Signup"
91-->src/main/AndroidManifest.xml:77:13-35
92            android:exported="false"
92-->src/main/AndroidManifest.xml:78:13-37
93            android:label="@string/title_activity_signup"
93-->src/main/AndroidManifest.xml:79:13-58
94            android:theme="@style/Theme.MahnYoh" />
94-->src/main/AndroidManifest.xml:80:13-49
95        <activity
95-->src/main/AndroidManifest.xml:81:9-85:52
96            android:name="com.example.mahnyoh.Dashboard"
96-->src/main/AndroidManifest.xml:82:13-38
97            android:exported="false"
97-->src/main/AndroidManifest.xml:83:13-37
98            android:label="@string/title_activity_dashboard"
98-->src/main/AndroidManifest.xml:84:13-61
99            android:theme="@style/Theme.MahnYoh" />
99-->src/main/AndroidManifest.xml:85:13-49
100        <activity
100-->src/main/AndroidManifest.xml:86:9-90:52
101            android:name="com.example.mahnyoh.StepsActivity"
101-->src/main/AndroidManifest.xml:87:13-42
102            android:exported="false"
102-->src/main/AndroidManifest.xml:88:13-37
103            android:label="StepsActivity"
103-->src/main/AndroidManifest.xml:89:13-42
104            android:theme="@style/Theme.MahnYoh" />
104-->src/main/AndroidManifest.xml:90:13-49
105        <activity
105-->src/main/AndroidManifest.xml:91:9-124:20
106            android:name="com.example.mahnyoh.MainActivity"
106-->src/main/AndroidManifest.xml:92:13-41
107            android:exported="true"
107-->src/main/AndroidManifest.xml:93:13-36
108            android:label="@string/app_name"
108-->src/main/AndroidManifest.xml:94:13-45
109            android:theme="@style/Theme.MahnYoh" >
109-->src/main/AndroidManifest.xml:95:13-49
110            <intent-filter>
110-->src/main/AndroidManifest.xml:96:13-100:29
111                <action android:name="android.intent.action.MAIN" />
111-->src/main/AndroidManifest.xml:97:17-69
111-->src/main/AndroidManifest.xml:97:25-66
112
113                <category android:name="android.intent.category.LAUNCHER" />
113-->src/main/AndroidManifest.xml:99:17-77
113-->src/main/AndroidManifest.xml:99:27-74
114            </intent-filter>
115            <intent-filter>
115-->src/main/AndroidManifest.xml:96:13-100:29
116                <action android:name="android.intent.action.MAIN" />
116-->src/main/AndroidManifest.xml:97:17-69
116-->src/main/AndroidManifest.xml:97:25-66
117
118                <category android:name="android.intent.category.LAUNCHER" />
118-->src/main/AndroidManifest.xml:99:17-77
118-->src/main/AndroidManifest.xml:99:27-74
119            </intent-filter>
120
121            <!--
122                The app needs to handle this intent and display an appropriate privacy policy
123                explaining how the user's data will be used and handled.
124
125                This intent is sent to the app when the user clicks on the "privacy policy" link
126                in the Health Connect permissions dialog.
127            -->
128            <intent-filter>
128-->src/main/AndroidManifest.xml:114:13-116:29
129                <action android:name="androidx.health.ACTION_SHOW_PERMISSIONS_RATIONALE" />
129-->src/main/AndroidManifest.xml:32:13-88
129-->src/main/AndroidManifest.xml:32:21-85
130            </intent-filter>
131
132            <!-- Permission handling for Android 14 -->
133            <intent-filter>
133-->src/main/AndroidManifest.xml:119:13-123:29
134                <action android:name="android.intent.action.VIEW_PERMISSION_USAGE" />
134-->src/main/AndroidManifest.xml:120:17-86
134-->src/main/AndroidManifest.xml:120:25-83
135
136                <category android:name="android.intent.category.HEALTH_PERMISSIONS" />
136-->src/main/AndroidManifest.xml:122:17-87
136-->src/main/AndroidManifest.xml:122:27-84
137            </intent-filter>
138        </activity>
139
140        <service
140-->[androidx.health.connect:connect-client:1.1.0-alpha02] AndroidManifest.xml:24:9-32:19
141            android:name="androidx.health.platform.client.impl.sdkservice.HealthDataSdkService"
141-->[androidx.health.connect:connect-client:1.1.0-alpha02] AndroidManifest.xml:25:13-96
142            android:enabled="true"
142-->[androidx.health.connect:connect-client:1.1.0-alpha02] AndroidManifest.xml:26:13-35
143            android:exported="true" >
143-->[androidx.health.connect:connect-client:1.1.0-alpha02] AndroidManifest.xml:27:13-36
144            <intent-filter>
144-->[androidx.health.connect:connect-client:1.1.0-alpha02] AndroidManifest.xml:29:13-31:29
145                <action android:name="androidx.health.platform.client.ACTION_BIND_SDK_SERVICE" />
145-->[androidx.health.connect:connect-client:1.1.0-alpha02] AndroidManifest.xml:30:17-98
145-->[androidx.health.connect:connect-client:1.1.0-alpha02] AndroidManifest.xml:30:25-95
146            </intent-filter>
147        </service>
148
149        <activity
149-->[androidx.compose.ui:ui-tooling-android:1.5.1] AndroidManifest.xml:23:9-25:39
150            android:name="androidx.compose.ui.tooling.PreviewActivity"
150-->[androidx.compose.ui:ui-tooling-android:1.5.1] AndroidManifest.xml:24:13-71
151            android:exported="true" />
151-->[androidx.compose.ui:ui-tooling-android:1.5.1] AndroidManifest.xml:25:13-36
152        <activity
152-->[androidx.compose.ui:ui-test-manifest:1.5.1] AndroidManifest.xml:23:9-25:39
153            android:name="androidx.activity.ComponentActivity"
153-->[androidx.compose.ui:ui-test-manifest:1.5.1] AndroidManifest.xml:24:13-63
154            android:exported="true" />
154-->[androidx.compose.ui:ui-test-manifest:1.5.1] AndroidManifest.xml:25:13-36
155        <activity
155-->[com.google.android.gms:play-services-auth:20.7.0] AndroidManifest.xml:23:9-27:75
156            android:name="com.google.android.gms.auth.api.signin.internal.SignInHubActivity"
156-->[com.google.android.gms:play-services-auth:20.7.0] AndroidManifest.xml:24:13-93
157            android:excludeFromRecents="true"
157-->[com.google.android.gms:play-services-auth:20.7.0] AndroidManifest.xml:25:13-46
158            android:exported="false"
158-->[com.google.android.gms:play-services-auth:20.7.0] AndroidManifest.xml:26:13-37
159            android:theme="@android:style/Theme.Translucent.NoTitleBar" />
159-->[com.google.android.gms:play-services-auth:20.7.0] AndroidManifest.xml:27:13-72
160        <!--
161            Service handling Google Sign-In user revocation. For apps that do not integrate with
162            Google Sign-In, this service will never be started.
163        -->
164        <service
164-->[com.google.android.gms:play-services-auth:20.7.0] AndroidManifest.xml:33:9-37:51
165            android:name="com.google.android.gms.auth.api.signin.RevocationBoundService"
165-->[com.google.android.gms:play-services-auth:20.7.0] AndroidManifest.xml:34:13-89
166            android:exported="true"
166-->[com.google.android.gms:play-services-auth:20.7.0] AndroidManifest.xml:35:13-36
167            android:permission="com.google.android.gms.auth.api.signin.permission.REVOCATION_NOTIFICATION"
167-->[com.google.android.gms:play-services-auth:20.7.0] AndroidManifest.xml:36:13-107
168            android:visibleToInstantApps="true" />
168-->[com.google.android.gms:play-services-auth:20.7.0] AndroidManifest.xml:37:13-48
169
170        <meta-data
170-->[com.google.android.gms:play-services-fitness:21.1.0] AndroidManifest.xml:23:9-25:38
171            android:name="com.google.gms.fitness.sdk.version"
171-->[com.google.android.gms:play-services-fitness:21.1.0] AndroidManifest.xml:24:13-62
172            android:value="21.1.0" />
172-->[com.google.android.gms:play-services-fitness:21.1.0] AndroidManifest.xml:25:13-35
173
174        <service
174-->[com.google.firebase:firebase-auth-ktx:22.1.2] AndroidManifest.xml:8:9-14:19
175            android:name="com.google.firebase.components.ComponentDiscoveryService"
175-->[com.google.firebase:firebase-auth-ktx:22.1.2] AndroidManifest.xml:9:13-84
176            android:directBootAware="true"
176-->[com.google.firebase:firebase-common:20.3.2] AndroidManifest.xml:34:13-43
177            android:exported="false" >
177-->[com.google.firebase:firebase-auth-ktx:22.1.2] AndroidManifest.xml:10:13-37
178            <meta-data
178-->[com.google.firebase:firebase-auth-ktx:22.1.2] AndroidManifest.xml:11:13-13:85
179                android:name="com.google.firebase.components:com.google.firebase.auth.ktx.FirebaseAuthKtxRegistrar"
179-->[com.google.firebase:firebase-auth-ktx:22.1.2] AndroidManifest.xml:12:17-116
180                android:value="com.google.firebase.components.ComponentRegistrar" />
180-->[com.google.firebase:firebase-auth-ktx:22.1.2] AndroidManifest.xml:13:17-82
181            <meta-data
181-->[com.google.firebase:firebase-auth:22.1.2] AndroidManifest.xml:69:13-71:85
182                android:name="com.google.firebase.components:com.google.firebase.auth.FirebaseAuthRegistrar"
182-->[com.google.firebase:firebase-auth:22.1.2] AndroidManifest.xml:70:17-109
183                android:value="com.google.firebase.components.ComponentRegistrar" />
183-->[com.google.firebase:firebase-auth:22.1.2] AndroidManifest.xml:71:17-82
184            <meta-data
184-->[com.google.firebase:firebase-database-ktx:20.2.2] AndroidManifest.xml:14:13-16:85
185                android:name="com.google.firebase.components:com.google.firebase.database.ktx.FirebaseDatabaseKtxRegistrar"
185-->[com.google.firebase:firebase-database-ktx:20.2.2] AndroidManifest.xml:15:17-124
186                android:value="com.google.firebase.components.ComponentRegistrar" />
186-->[com.google.firebase:firebase-database-ktx:20.2.2] AndroidManifest.xml:16:17-82
187            <meta-data
187-->[com.google.firebase:firebase-database:20.2.2] AndroidManifest.xml:31:13-33:85
188                android:name="com.google.firebase.components:com.google.firebase.database.DatabaseRegistrar"
188-->[com.google.firebase:firebase-database:20.2.2] AndroidManifest.xml:32:17-109
189                android:value="com.google.firebase.components.ComponentRegistrar" />
189-->[com.google.firebase:firebase-database:20.2.2] AndroidManifest.xml:33:17-82
190            <meta-data
190-->[com.google.firebase:firebase-common-ktx:20.3.2] AndroidManifest.xml:14:13-16:85
191                android:name="com.google.firebase.components:com.google.firebase.ktx.FirebaseCommonKtxRegistrar"
191-->[com.google.firebase:firebase-common-ktx:20.3.2] AndroidManifest.xml:15:17-113
192                android:value="com.google.firebase.components.ComponentRegistrar" />
192-->[com.google.firebase:firebase-common-ktx:20.3.2] AndroidManifest.xml:16:17-82
193        </service>
194
195        <activity
195-->[com.google.firebase:firebase-auth:22.1.2] AndroidManifest.xml:29:9-46:20
196            android:name="com.google.firebase.auth.internal.GenericIdpActivity"
196-->[com.google.firebase:firebase-auth:22.1.2] AndroidManifest.xml:30:13-80
197            android:excludeFromRecents="true"
197-->[com.google.firebase:firebase-auth:22.1.2] AndroidManifest.xml:31:13-46
198            android:exported="true"
198-->[com.google.firebase:firebase-auth:22.1.2] AndroidManifest.xml:32:13-36
199            android:launchMode="singleTask"
199-->[com.google.firebase:firebase-auth:22.1.2] AndroidManifest.xml:33:13-44
200            android:theme="@android:style/Theme.Translucent.NoTitleBar" >
200-->[com.google.firebase:firebase-auth:22.1.2] AndroidManifest.xml:34:13-72
201            <intent-filter>
201-->[com.google.firebase:firebase-auth:22.1.2] AndroidManifest.xml:35:13-45:29
202                <action android:name="android.intent.action.VIEW" />
202-->[com.google.firebase:firebase-auth:22.1.2] AndroidManifest.xml:36:17-69
202-->[com.google.firebase:firebase-auth:22.1.2] AndroidManifest.xml:36:25-66
203
204                <category android:name="android.intent.category.DEFAULT" />
204-->[com.google.firebase:firebase-auth:22.1.2] AndroidManifest.xml:38:17-76
204-->[com.google.firebase:firebase-auth:22.1.2] AndroidManifest.xml:38:27-73
205                <category android:name="android.intent.category.BROWSABLE" />
205-->[com.google.firebase:firebase-auth:22.1.2] AndroidManifest.xml:39:17-78
205-->[com.google.firebase:firebase-auth:22.1.2] AndroidManifest.xml:39:27-75
206
207                <data
207-->[com.google.firebase:firebase-auth:22.1.2] AndroidManifest.xml:41:17-44:51
208                    android:host="firebase.auth"
208-->[com.google.firebase:firebase-auth:22.1.2] AndroidManifest.xml:42:21-49
209                    android:path="/"
209-->[com.google.firebase:firebase-auth:22.1.2] AndroidManifest.xml:43:21-37
210                    android:scheme="genericidp" />
210-->[com.google.firebase:firebase-auth:22.1.2] AndroidManifest.xml:44:21-48
211            </intent-filter>
212        </activity>
213        <activity
213-->[com.google.firebase:firebase-auth:22.1.2] AndroidManifest.xml:47:9-64:20
214            android:name="com.google.firebase.auth.internal.RecaptchaActivity"
214-->[com.google.firebase:firebase-auth:22.1.2] AndroidManifest.xml:48:13-79
215            android:excludeFromRecents="true"
215-->[com.google.firebase:firebase-auth:22.1.2] AndroidManifest.xml:49:13-46
216            android:exported="true"
216-->[com.google.firebase:firebase-auth:22.1.2] AndroidManifest.xml:50:13-36
217            android:launchMode="singleTask"
217-->[com.google.firebase:firebase-auth:22.1.2] AndroidManifest.xml:51:13-44
218            android:theme="@android:style/Theme.Translucent.NoTitleBar" >
218-->[com.google.firebase:firebase-auth:22.1.2] AndroidManifest.xml:52:13-72
219            <intent-filter>
219-->[com.google.firebase:firebase-auth:22.1.2] AndroidManifest.xml:53:13-63:29
220                <action android:name="android.intent.action.VIEW" />
220-->[com.google.firebase:firebase-auth:22.1.2] AndroidManifest.xml:36:17-69
220-->[com.google.firebase:firebase-auth:22.1.2] AndroidManifest.xml:36:25-66
221
222                <category android:name="android.intent.category.DEFAULT" />
222-->[com.google.firebase:firebase-auth:22.1.2] AndroidManifest.xml:38:17-76
222-->[com.google.firebase:firebase-auth:22.1.2] AndroidManifest.xml:38:27-73
223                <category android:name="android.intent.category.BROWSABLE" />
223-->[com.google.firebase:firebase-auth:22.1.2] AndroidManifest.xml:39:17-78
223-->[com.google.firebase:firebase-auth:22.1.2] AndroidManifest.xml:39:27-75
224
225                <data
225-->[com.google.firebase:firebase-auth:22.1.2] AndroidManifest.xml:41:17-44:51
226                    android:host="firebase.auth"
226-->[com.google.firebase:firebase-auth:22.1.2] AndroidManifest.xml:42:21-49
227                    android:path="/"
227-->[com.google.firebase:firebase-auth:22.1.2] AndroidManifest.xml:43:21-37
228                    android:scheme="recaptcha" />
228-->[com.google.firebase:firebase-auth:22.1.2] AndroidManifest.xml:44:21-48
229            </intent-filter>
230        </activity>
231        <activity
231-->[com.google.android.gms:play-services-base:18.2.0] AndroidManifest.xml:20:9-22:45
232            android:name="com.google.android.gms.common.api.GoogleApiActivity"
232-->[com.google.android.gms:play-services-base:18.2.0] AndroidManifest.xml:20:19-85
233            android:exported="false"
233-->[com.google.android.gms:play-services-base:18.2.0] AndroidManifest.xml:22:19-43
234            android:theme="@android:style/Theme.Translucent.NoTitleBar" />
234-->[com.google.android.gms:play-services-base:18.2.0] AndroidManifest.xml:21:19-78
235
236        <provider
236-->[com.google.firebase:firebase-common:20.3.2] AndroidManifest.xml:25:9-30:39
237            android:name="com.google.firebase.provider.FirebaseInitProvider"
237-->[com.google.firebase:firebase-common:20.3.2] AndroidManifest.xml:26:13-77
238            android:authorities="com.example.mahnyoh.firebaseinitprovider"
238-->[com.google.firebase:firebase-common:20.3.2] AndroidManifest.xml:27:13-72
239            android:directBootAware="true"
239-->[com.google.firebase:firebase-common:20.3.2] AndroidManifest.xml:28:13-43
240            android:exported="false"
240-->[com.google.firebase:firebase-common:20.3.2] AndroidManifest.xml:29:13-37
241            android:initOrder="100" />
241-->[com.google.firebase:firebase-common:20.3.2] AndroidManifest.xml:30:13-36
242
243        <meta-data
243-->[com.google.android.gms:play-services-basement:18.2.0] AndroidManifest.xml:21:9-23:69
244            android:name="com.google.android.gms.version"
244-->[com.google.android.gms:play-services-basement:18.2.0] AndroidManifest.xml:22:13-58
245            android:value="@integer/google_play_services_version" />
245-->[com.google.android.gms:play-services-basement:18.2.0] AndroidManifest.xml:23:13-66
246
247        <provider
247-->[androidx.emoji2:emoji2:1.4.0] AndroidManifest.xml:24:9-32:20
248            android:name="androidx.startup.InitializationProvider"
248-->[androidx.emoji2:emoji2:1.4.0] AndroidManifest.xml:25:13-67
249            android:authorities="com.example.mahnyoh.androidx-startup"
249-->[androidx.emoji2:emoji2:1.4.0] AndroidManifest.xml:26:13-68
250            android:exported="false" >
250-->[androidx.emoji2:emoji2:1.4.0] AndroidManifest.xml:27:13-37
251            <meta-data
251-->[androidx.emoji2:emoji2:1.4.0] AndroidManifest.xml:29:13-31:52
252                android:name="androidx.emoji2.text.EmojiCompatInitializer"
252-->[androidx.emoji2:emoji2:1.4.0] AndroidManifest.xml:30:17-75
253                android:value="androidx.startup" />
253-->[androidx.emoji2:emoji2:1.4.0] AndroidManifest.xml:31:17-49
254            <meta-data
254-->[androidx.lifecycle:lifecycle-process:2.6.2] AndroidManifest.xml:29:13-31:52
255                android:name="androidx.lifecycle.ProcessLifecycleInitializer"
255-->[androidx.lifecycle:lifecycle-process:2.6.2] AndroidManifest.xml:30:17-78
256                android:value="androidx.startup" />
256-->[androidx.lifecycle:lifecycle-process:2.6.2] AndroidManifest.xml:31:17-49
257            <meta-data
257-->[androidx.profileinstaller:profileinstaller:1.3.0] AndroidManifest.xml:29:13-31:52
258                android:name="androidx.profileinstaller.ProfileInstallerInitializer"
258-->[androidx.profileinstaller:profileinstaller:1.3.0] AndroidManifest.xml:30:17-85
259                android:value="androidx.startup" />
259-->[androidx.profileinstaller:profileinstaller:1.3.0] AndroidManifest.xml:31:17-49
260        </provider>
261
262        <receiver
262-->[androidx.profileinstaller:profileinstaller:1.3.0] AndroidManifest.xml:34:9-52:20
263            android:name="androidx.profileinstaller.ProfileInstallReceiver"
263-->[androidx.profileinstaller:profileinstaller:1.3.0] AndroidManifest.xml:35:13-76
264            android:directBootAware="false"
264-->[androidx.profileinstaller:profileinstaller:1.3.0] AndroidManifest.xml:36:13-44
265            android:enabled="true"
265-->[androidx.profileinstaller:profileinstaller:1.3.0] AndroidManifest.xml:37:13-35
266            android:exported="true"
266-->[androidx.profileinstaller:profileinstaller:1.3.0] AndroidManifest.xml:38:13-36
267            android:permission="android.permission.DUMP" >
267-->[androidx.profileinstaller:profileinstaller:1.3.0] AndroidManifest.xml:39:13-57
268            <intent-filter>
268-->[androidx.profileinstaller:profileinstaller:1.3.0] AndroidManifest.xml:40:13-42:29
269                <action android:name="androidx.profileinstaller.action.INSTALL_PROFILE" />
269-->[androidx.profileinstaller:profileinstaller:1.3.0] AndroidManifest.xml:41:17-91
269-->[androidx.profileinstaller:profileinstaller:1.3.0] AndroidManifest.xml:41:25-88
270            </intent-filter>
271            <intent-filter>
271-->[androidx.profileinstaller:profileinstaller:1.3.0] AndroidManifest.xml:43:13-45:29
272                <action android:name="androidx.profileinstaller.action.SKIP_FILE" />
272-->[androidx.profileinstaller:profileinstaller:1.3.0] AndroidManifest.xml:44:17-85
272-->[androidx.profileinstaller:profileinstaller:1.3.0] AndroidManifest.xml:44:25-82
273            </intent-filter>
274            <intent-filter>
274-->[androidx.profileinstaller:profileinstaller:1.3.0] AndroidManifest.xml:46:13-48:29
275                <action android:name="androidx.profileinstaller.action.SAVE_PROFILE" />
275-->[androidx.profileinstaller:profileinstaller:1.3.0] AndroidManifest.xml:47:17-88
275-->[androidx.profileinstaller:profileinstaller:1.3.0] AndroidManifest.xml:47:25-85
276            </intent-filter>
277            <intent-filter>
277-->[androidx.profileinstaller:profileinstaller:1.3.0] AndroidManifest.xml:49:13-51:29
278                <action android:name="androidx.profileinstaller.action.BENCHMARK_OPERATION" />
278-->[androidx.profileinstaller:profileinstaller:1.3.0] AndroidManifest.xml:50:17-95
278-->[androidx.profileinstaller:profileinstaller:1.3.0] AndroidManifest.xml:50:25-92
279            </intent-filter>
280        </receiver>
281    </application>
282
283</manifest>